This is XeTeX, Version 3.1415926-2.5-0.9999.3 (TeX Live 2013/Debian) (format=xelatex 2016.12.17)  20 FEB 2017 22:37
entering extended mode
 restricted \write18 enabled.
 %&-line parsing enabled.
**report.tex
(./report.tex
LaTeX2e <2011/06/27>
Babel <3.9h> and hyphenation patterns for 78 languages loaded.
(/usr/share/texlive/texmf-dist/tex/latex/base/article.cls
Document Class: article 2007/10/19 v1.4h Standard LaTeX document class
(/usr/share/texlive/texmf-dist/tex/latex/base/size10.clo
File: size10.clo 2007/10/19 v1.4h Standard LaTeX file (size option)
)
\c@part=\count80
\c@section=\count81
\c@subsection=\count82
\c@subsubsection=\count83
\c@paragraph=\count84
\c@subparagraph=\count85
\c@figure=\count86
\c@table=\count87
\abovecaptionskip=\skip41
\belowcaptionskip=\skip42
\bibindent=\dimen102
)
(/usr/share/texlive/texmf-dist/tex/latex/fontspec/fontspec.sty
Package: fontspec 2013/05/20 v2.3c Font selection for XeLaTeX and LuaLaTeX

(/usr/share/texlive/texmf-dist/tex/latex/l3kernel/expl3.sty
(/usr/share/texlive/texmf-dist/tex/latex/l3kernel/l3names.sty
(/usr/share/texlive/texmf-dist/tex/latex/l3kernel/l3bootstrap.sty
Package: l3bootstrap 2014/01/04 v4640 L3 Experimental bootstrap code
)
Package: l3names 2014/01/04 v4640 L3 Namespace for primitives
)
(/usr/share/texlive/texmf-dist/tex/latex/etex-pkg/etex.sty
Package: etex 1998/03/26 v2.0 eTeX basic definition package (PEB)
\et@xins=\count88
)
Package: expl3 2014/01/07 v4646 L3 Experimental code bundle wrapper

(/usr/share/texlive/texmf-dist/tex/latex/l3kernel/l3basics.sty
Package: l3basics 2014/01/04 v4642 L3 Basic definitions
)
(/usr/share/texlive/texmf-dist/tex/latex/l3kernel/l3expan.sty
Package: l3expan 2014/01/04 v4642 L3 Argument expansion
)
(/usr/share/texlive/texmf-dist/tex/latex/l3kernel/l3tl.sty
Package: l3tl 2013/12/27 v4625 L3 Token lists
)
(/usr/share/texlive/texmf-dist/tex/latex/l3kernel/l3seq.sty
Package: l3seq 2013/12/14 v4623 L3 Sequences and stacks
)
(/usr/share/texlive/texmf-dist/tex/latex/l3kernel/l3int.sty
Package: l3int 2013/08/02 v4583 L3 Integers
\c_max_int=\count89
\l_tmpa_int=\count90
\l_tmpb_int=\count91
\g_tmpa_int=\count92
\g_tmpb_int=\count93
)
(/usr/share/texlive/texmf-dist/tex/latex/l3kernel/l3quark.sty
Package: l3quark 2013/12/14 v4623 L3 Quarks
)
(/usr/share/texlive/texmf-dist/tex/latex/l3kernel/l3prg.sty
Package: l3prg 2014/01/04 v4642 L3 Control structures
\g__prg_map_int=\count94
)
(/usr/share/texlive/texmf-dist/tex/latex/l3kernel/l3clist.sty
Package: l3clist 2013/07/28 v4581 L3 Comma separated lists
)
(/usr/share/texlive/texmf-dist/tex/latex/l3kernel/l3token.sty
Package: l3token 2013/08/25 v4587 L3 Experimental token manipulation
)
(/usr/share/texlive/texmf-dist/tex/latex/l3kernel/l3prop.sty
Package: l3prop 2013/12/14 v4623 L3 Property lists
)
(/usr/share/texlive/texmf-dist/tex/latex/l3kernel/l3msg.sty
Package: l3msg 2013/07/28 v4581 L3 Messages
)
(/usr/share/texlive/texmf-dist/tex/latex/l3kernel/l3file.sty
Package: l3file 2013/10/13 v4596 L3 File and I/O operations
\l_iow_line_count_int=\count95
\l__iow_target_count_int=\count96
\l__iow_current_line_int=\count97
\l__iow_current_word_int=\count98
\l__iow_current_indentation_int=\count99
)
(/usr/share/texlive/texmf-dist/tex/latex/l3kernel/l3skip.sty
Package: l3skip 2013/07/28 v4581 L3 Dimensions and skips
\c_zero_dim=\dimen103
\c_max_dim=\dimen104
\l_tmpa_dim=\dimen105
\l_tmpb_dim=\dimen106
\g_tmpa_dim=\dimen107
\g_tmpb_dim=\dimen108
\c_zero_skip=\skip43
\c_max_skip=\skip44
\l_tmpa_skip=\skip45
\l_tmpb_skip=\skip46
\g_tmpa_skip=\skip47
\g_tmpb_skip=\skip48
\c_zero_muskip=\muskip10
\c_max_muskip=\muskip11
\l_tmpa_muskip=\muskip12
\l_tmpb_muskip=\muskip13
\g_tmpa_muskip=\muskip14
\g_tmpb_muskip=\muskip15
)
(/usr/share/texlive/texmf-dist/tex/latex/l3kernel/l3keys.sty
Package: l3keys 2013/12/08 v4614 L3 Experimental key-value interfaces
\g__keyval_level_int=\count100
\l_keys_choice_int=\count101
)
(/usr/share/texlive/texmf-dist/tex/latex/l3kernel/l3fp.sty
Package: l3fp 2014/01/04 v4642 L3 Floating points
\c__fp_leading_shift_int=\count102
\c__fp_middle_shift_int=\count103
\c__fp_trailing_shift_int=\count104
\c__fp_big_leading_shift_int=\count105
\c__fp_big_middle_shift_int=\count106
\c__fp_big_trailing_shift_int=\count107
\c__fp_Bigg_leading_shift_int=\count108
\c__fp_Bigg_middle_shift_int=\count109
\c__fp_Bigg_trailing_shift_int=\count110
)
(/usr/share/texlive/texmf-dist/tex/latex/l3kernel/l3box.sty
Package: l3box 2013/07/28 v4581 L3 Experimental boxes
\c_empty_box=\box26
\l_tmpa_box=\box27
\l_tmpb_box=\box28
\g_tmpa_box=\box29
\g_tmpb_box=\box30
)
(/usr/share/texlive/texmf-dist/tex/latex/l3kernel/l3coffins.sty
Package: l3coffins 2013/12/14 v4624 L3 Coffin code layer
\l__coffin_internal_box=\box31
\l__coffin_internal_dim=\dimen109
\l__coffin_offset_x_dim=\dimen110
\l__coffin_offset_y_dim=\dimen111
\l__coffin_x_dim=\dimen112
\l__coffin_y_dim=\dimen113
\l__coffin_x_prime_dim=\dimen114
\l__coffin_y_prime_dim=\dimen115
\c_empty_coffin=\box32
\l__coffin_aligned_coffin=\box33
\l__coffin_aligned_internal_coffin=\box34
\l_tmpa_coffin=\box35
\l_tmpb_coffin=\box36
\l__coffin_display_coffin=\box37
\l__coffin_display_coord_coffin=\box38
\l__coffin_display_pole_coffin=\box39
\l__coffin_display_offset_dim=\dimen116
\l__coffin_display_x_dim=\dimen117
\l__coffin_display_y_dim=\dimen118
)
(/usr/share/texlive/texmf-dist/tex/latex/l3kernel/l3color.sty
Package: l3color 2012/08/29 v4156 L3 Experimental color support
)
(/usr/share/texlive/texmf-dist/tex/latex/l3kernel/l3luatex.sty
Package: l3luatex 2013/07/28 v4581 L3 Experimental LuaTeX-specific functions
\g__cctab_allocate_int=\count111
\g__cctab_stack_int=\count112
)
(/usr/share/texlive/texmf-dist/tex/latex/l3kernel/l3candidates.sty
Package: l3candidates 2014/01/06 v4643 L3 Experimental additions to l3kernel
\l__box_top_dim=\dimen119
\l__box_bottom_dim=\dimen120
\l__box_left_dim=\dimen121
\l__box_right_dim=\dimen122
\l__box_top_new_dim=\dimen123
\l__box_bottom_new_dim=\dimen124
\l__box_left_new_dim=\dimen125
\l__box_right_new_dim=\dimen126
\l__box_internal_box=\box40
\l__coffin_bounding_shift_dim=\dimen127
\l__coffin_left_corner_dim=\dimen128
\l__coffin_right_corner_dim=\dimen129
\l__coffin_bottom_corner_dim=\dimen130
\l__coffin_top_corner_dim=\dimen131
\l__coffin_scaled_total_height_dim=\dimen132
\l__coffin_scaled_width_dim=\dimen133
)
(/usr/share/texlive/texmf-dist/tex/generic/oberdiek/ifpdf.sty
Package: ifpdf 2011/01/30 v2.3 Provides the ifpdf switch (HO)
Package ifpdf Info: pdfTeX in PDF mode is not detected.
))
(/usr/share/texlive/texmf-dist/tex/latex/l3packages/xparse/xparse.sty
Package: xparse 2013/12/31 v4634 L3 Experimental document command parser
\l__xparse_current_arg_int=\count113
\l__xparse_m_args_int=\count114
\l__xparse_mandatory_args_int=\count115
\l__xparse_processor_int=\count116
\l__xparse_v_nesting_int=\count117
)
\l_fontspec_script_int=\count118
\l_fontspec_language_int=\count119
\l_fontspec_strnum_int=\count120
\l_fontspec_tmpa_dim=\dimen134
\l_fontspec_tmpb_dim=\dimen135
\l_fontspec_tmpc_dim=\dimen136
Variant \tl_gset:cV already defined; not changing it on line 69

(/usr/share/texlive/texmf-dist/tex/latex/fontspec/fontspec-patches.sty
Package: fontspec-patches 2013/05/20 v2.3c Font selection for XeLaTeX and LuaLa
TeX

(/usr/share/texlive/texmf-dist/tex/latex/base/fixltx2e.sty
Package: fixltx2e 2006/09/13 v1.1m fixes to LaTeX
LaTeX Info: Redefining \em on input line 420.
)
LaTeX Info: Redefining \em on input line 22.
LaTeX Info: Redefining \emph on input line 30.
LaTeX Info: Redefining \- on input line 33.

*************************************************
* LaTeX warning: "xparse/redefine-command"
* 
* Redefining document command \oldstylenums with arg. spec. 'm' on line 128.
*************************************************
.................................................
. LaTeX info: "xparse/define-command"
. 
. Defining document command \liningnums with arg. spec. 'm' on line 132.
.................................................
) (/usr/share/texlive/texmf-dist/tex/latex/fontspec/fontspec-xetex.sty
Package: fontspec-xetex 2013/05/20 v2.3c Font selection for XeLaTeX and LuaLaTe
X

(/usr/share/texlive/texmf-dist/tex/latex/base/fontenc.sty
Package: fontenc 2005/09/27 v1.99g Standard LaTeX package

(/usr/share/texlive/texmf-dist/tex/latex/euenc/eu1enc.def
File: eu1enc.def 2010/05/27 v0.1h Experimental Unicode font encodings
)
LaTeX Font Info:    Try loading font information for EU1+lmr on input line 100.


(/usr/share/texlive/texmf-dist/tex/latex/euenc/eu1lmr.fd
File: eu1lmr.fd 2009/10/30 v1.6 Font defs for Latin Modern
))
(/usr/share/texlive/texmf-dist/tex/xelatex/xunicode/xunicode.sty
File: xunicode.sty 2011/09/09 v0.981 provides access to latin accents and many 
other characters in Unicode lower plane

(/usr/share/texmf/tex/latex/tipa/t3enc.def
File: t3enc.def 2001/12/31 T3 encoding
LaTeX Font Info:    Try loading font information for EU1+lmss on input line 357
.

(/usr/share/texlive/texmf-dist/tex/latex/euenc/eu1lmss.fd
File: eu1lmss.fd 2009/10/30 v1.6 Font defs for Latin Modern
))
\tipaTiiicode=\count121
\tipasavetokens=\toks14
\tipachecktokens=\toks15

(/usr/share/texlive/texmf-dist/tex/latex/graphics/graphicx.sty
Package: graphicx 1999/02/16 v1.0f Enhanced LaTeX Graphics (DPC,SPQR)

(/usr/share/texlive/texmf-dist/tex/latex/graphics/keyval.sty
Package: keyval 1999/03/16 v1.13 key=value parser (DPC)
\KV@toks@=\toks16
)
(/usr/share/texlive/texmf-dist/tex/latex/graphics/graphics.sty
Package: graphics 2009/02/05 v1.0o Standard LaTeX Graphics (DPC,SPQR)

(/usr/share/texlive/texmf-dist/tex/latex/graphics/trig.sty
Package: trig 1999/03/16 v1.09 sin cos tan (DPC)
)
(/usr/share/texlive/texmf-dist/tex/latex/latexconfig/graphics.cfg
File: graphics.cfg 2010/04/23 v1.9 graphics configuration of TeX Live
)
Package graphics Info: Driver file: xetex.def on input line 91.

(/usr/share/texlive/texmf-dist/tex/xelatex/xetex-def/xetex.def
File: xetex.def 2013/04/29 v0.96 LaTeX color/graphics driver for XeTeX (RRM/JK)

))
\Gin@req@height=\dimen137
\Gin@req@width=\dimen138
))
.................................................
. LaTeX info: "xparse/define-command"
. 
. Defining document command \fontspec with arg. spec. 'O{}m' on line 41.
.................................................
.................................................
. LaTeX info: "xparse/define-command"
. 
. Defining document command \setmainfont with arg. spec. 'O{}m' on line 46.
.................................................
.................................................
. LaTeX info: "xparse/define-command"
. 
. Defining document command \setsansfont with arg. spec. 'O{}m' on line 51.
.................................................
.................................................
. LaTeX info: "xparse/define-command"
. 
. Defining document command \setmonofont with arg. spec. 'O{}m' on line 56.
.................................................
.................................................
. LaTeX info: "xparse/define-command"
. 
. Defining document command \setmathrm with arg. spec. 'O{}m' on line 65.
.................................................
.................................................
. LaTeX info: "xparse/define-command"
. 
. Defining document command \setboldmathrm with arg. spec. 'O{}m' on line 69.
.................................................
.................................................
. LaTeX info: "xparse/define-command"
. 
. Defining document command \setmathsf with arg. spec. 'O{}m' on line 73.
.................................................
.................................................
. LaTeX info: "xparse/define-command"
. 
. Defining document command \setmathtt with arg. spec. 'O{}m' on line 77.
.................................................
.................................................
. LaTeX info: "xparse/define-command"
. 
. Defining document command \newfontfamily with arg. spec. 'mO{}m' on line 96.
.................................................
.................................................
. LaTeX info: "xparse/define-command"
. 
. Defining document command \newfontface with arg. spec. 'mO{}m' on line 100.
.................................................
.................................................
. LaTeX info: "xparse/define-command"
. 
. Defining document command \defaultfontfeatures with arg. spec. 'om' on line
. 108.
.................................................
.................................................
. LaTeX info: "xparse/define-command"
. 
. Defining document command \addfontfeatures with arg. spec. 'm' on line 144.
.................................................
.................................................
. LaTeX info: "xparse/define-command"
. 
. Defining document command \newfontfeature with arg. spec. 'mm' on line 156.
.................................................
.................................................
. LaTeX info: "xparse/define-command"
. 
. Defining document command \newAATfeature with arg. spec. 'mmmm' on line 164.
.................................................
.................................................
. LaTeX info: "xparse/define-command"
. 
. Defining document command \newICUfeature with arg. spec. 'mmm' on line 172.
.................................................
.................................................
. LaTeX info: "xparse/define-command"
. 
. Defining document command \aliasfontfeature with arg. spec. 'mm' on line
. 201.
.................................................
.................................................
. LaTeX info: "xparse/define-command"
. 
. Defining document command \aliasfontfeatureoption with arg. spec. 'mmm' on
. line 203.
.................................................
.................................................
. LaTeX info: "xparse/define-command"
. 
. Defining document command \newfontscript with arg. spec. 'mm' on line 208.
.................................................
.................................................
. LaTeX info: "xparse/define-command"
. 
. Defining document command \newfontlanguage with arg. spec. 'mm' on line 235.
.................................................
.................................................
. LaTeX info: "xparse/define-command"
. 
. Defining document command \DeclareFontsExtensions with arg. spec. 'm' on
. line 256.
.................................................
Variant \prop_gput:cnV already defined; not changing it on line 582
Variant \prop_gput:cnx already defined; not changing it on line 583
\l_fontspec_tmp_int=\count122
LaTeX Info: Redefining \itshape on input line 2087.
LaTeX Info: Redefining \slshape on input line 2092.
LaTeX Info: Redefining \scshape on input line 2097.
LaTeX Info: Redefining \upshape on input line 2102.

(/usr/share/texlive/texmf-dist/tex/latex/fontspec/fontspec.cfg)))
\g__file_internal_ior=\read1
\g_fontspec_family_Linux Libertine O_int=\count123
.................................................
. fontspec info: "defining-font"
. 
. Font family 'LinuxLibertineO(0)' created for font 'Linux Libertine O' with
. options [Ligatures=TeX].
. 
. This font family consists of the following shapes:
. 
. * 'normal' with NFSS spec.:
. <->"Linux Libertine O/ICU:script=latn;language=DFLT;mapping=tex-text;"
. 
. * 'small caps' with NFSS spec.:
. <->"Linux Libertine O/ICU:script=latn;language=DFLT;mapping=tex-text;+smcp;"
. 
. * 'bold' with NFSS spec.:
. <->"Linux Libertine O/B/ICU:script=latn;language=DFLT;mapping=tex-text;"
. 
. * 'bold small caps' with NFSS spec.:
. <->"Linux Libertine
. O/B/ICU:script=latn;language=DFLT;mapping=tex-text;+smcp;"
. 
. * 'italic' with NFSS spec.:
. <->"Linux Libertine O/I/ICU:script=latn;language=DFLT;mapping=tex-text;"
. 
. * 'italic small caps' with NFSS spec.:
. <->"Linux Libertine
. O/I/ICU:script=latn;language=DFLT;mapping=tex-text;+smcp;"
. 
. * 'bold italic' with NFSS spec.:
. <->"Linux Libertine O/BI/ICU:script=latn;language=DFLT;mapping=tex-text;"
. 
. * 'bold italic small caps' with NFSS spec.:
. <->"Linux Libertine
. O/BI/ICU:script=latn;language=DFLT;mapping=tex-text;+smcp;"
.................................................

(/usr/share/texlive/texmf-dist/tex/latex/lipsum/lipsum.sty
Package: lipsum 2011/04/14 v1.2 150 paragraphs of Lorem Ipsum dummy text
\c@lips@count=\count124
)
(/usr/share/texlive/texmf-dist/tex/latex/adjustbox/adjustbox.sty
Package: adjustbox 2012/05/21 v1.0 Adjusting TeX boxes (trim, clip, ...)

(/usr/share/texlive/texmf-dist/tex/latex/xkeyval/xkeyval.sty
Package: xkeyval 2012/10/14 v2.6b package option processing (HA)

(/usr/share/texlive/texmf-dist/tex/generic/xkeyval/xkeyval.tex
\XKV@toks=\toks17
\XKV@tempa@toks=\toks18
\XKV@depth=\count125
File: xkeyval.tex 2012/10/14 v2.6b key=value parser (HA)
))
(/usr/share/texlive/texmf-dist/tex/latex/adjustbox/adjcalc.sty
Package: adjcalc 2012/05/16 v1.1 Provides advanced setlength with multiple back
-ends (calc, etex, pgfmath)
)
(/usr/share/texlive/texmf-dist/tex/latex/adjustbox/trimclip.sty
Package: trimclip 2012/05/16 v1.0 Trim and clip general TeX material

(/usr/share/texlive/texmf-dist/tex/latex/collectbox/collectbox.sty
Package: collectbox 2012/05/17 v0.4b Collect macro arguments as boxes
\collectedbox=\box41
)
\tc@llx=\dimen139
\tc@lly=\dimen140
\tc@urx=\dimen141
\tc@ury=\dimen142
Package trimclip Info: Using driver 'tc-xetex.def'.

(/usr/share/texlive/texmf-dist/tex/latex/adjustbox/tc-xetex.def
File: tc-xetex.def 2012/05/13 v1.0 Clipping driver for xetex
))
\adjbox@Width=\dimen143
\adjbox@Height=\dimen144
\adjbox@Depth=\dimen145
\adjbox@Totalheight=\dimen146

(/usr/share/texlive/texmf-dist/tex/latex/ifoddpage/ifoddpage.sty
Package: ifoddpage 2011/09/13 v1.0 Conditionals for odd/even page detection
\c@checkoddpage=\count126
)
(/usr/share/texlive/texmf-dist/tex/latex/varwidth/varwidth.sty
Package: varwidth 2009/03/30 ver 0.92;  Variable-width minipages
\@vwid@box=\box42
\sift@deathcycles=\count127
\@vwid@loff=\dimen147
\@vwid@roff=\dimen148
))
(/usr/share/texlive/texmf-dist/tex/latex/geometry/geometry.sty
Package: geometry 2010/09/12 v5.6 Page Geometry

(/usr/share/texlive/texmf-dist/tex/generic/oberdiek/ifvtex.sty
Package: ifvtex 2010/03/01 v1.5 Detect VTeX and its facilities (HO)
Package ifvtex Info: VTeX not detected.
)
(/usr/share/texlive/texmf-dist/tex/generic/ifxetex/ifxetex.sty
Package: ifxetex 2010/09/12 v0.6 Provides ifxetex conditional
)
\Gm@cnth=\count128
\Gm@cntv=\count129
\c@Gm@tempcnt=\count130
\Gm@bindingoffset=\dimen149
\Gm@wd@mp=\dimen150
\Gm@odd@mp=\dimen151
\Gm@even@mp=\dimen152
\Gm@layoutwidth=\dimen153
\Gm@layoutheight=\dimen154
\Gm@layouthoffset=\dimen155
\Gm@layoutvoffset=\dimen156
\Gm@dimlist=\toks19
)
(/usr/share/texlive/texmf-dist/tex/latex/float/float.sty
Package: float 2001/11/08 v1.3d Float enhancements (AL)
\c@float@type=\count131
\float@exts=\toks20
\float@box=\box43
\@float@everytoks=\toks21
\@floatcapt=\box44
)
(/usr/share/texlive/texmf-dist/tex/latex/fancyhdr/fancyhdr.sty
\fancy@headwidth=\skip49
\f@ncyO@elh=\skip50
\f@ncyO@erh=\skip51
\f@ncyO@olh=\skip52
\f@ncyO@orh=\skip53
\f@ncyO@elf=\skip54
\f@ncyO@erf=\skip55
\f@ncyO@olf=\skip56
\f@ncyO@orf=\skip57
)
(/usr/share/texlive/texmf-dist/tex/latex/microtype/microtype.sty
Package: microtype 2013/05/23 v2.5a Micro-typographical refinements (RS)
\MT@toks=\toks22
\MT@count=\count132
LaTeX Info: Redefining \textls on input line 766.
\MT@outer@kern=\dimen157
LaTeX Info: Redefining \textmicrotypecontext on input line 1285.
\MT@listname@count=\count133

(/usr/share/texlive/texmf-dist/tex/latex/microtype/microtype-xetex.def
File: microtype-xetex.def 2013/05/23 v2.5a Definitions specific to xetex (RS)
LaTeX Info: Redefining \lsstyle on input line 254.
)
Package microtype Info: Loading configuration file microtype.cfg.

(/usr/share/texlive/texmf-dist/tex/latex/microtype/microtype.cfg
File: microtype.cfg 2013/05/23 v2.5a microtype main configuration file (RS)
))
(/usr/share/texlive/texmf-dist/tex/latex/tools/afterpage.sty
Package: afterpage 1995/10/27 v1.08 After-Page Package (DPC)
\AP@output=\toks23
\AP@partial=\box45
\AP@footins=\box46
)
(/usr/share/texlive/texmf-dist/tex/latex/placeins/placeins.sty
Package: placeins 2005/04/18  v 2.2
)
(/usr/share/texlive/texmf-dist/tex/latex/tocbibind/tocbibind.sty
Package: tocbibind 2010/10/13 v1.5k extra ToC listings
Package tocbibind Info: The document has section divisions on input line 50.


Package tocbibind Note: Using section or other style headings.

) (/usr/share/texlive/texmf-dist/tex/latex/mh/mathtools.sty
Package: mathtools 2013/02/12 v1.13 mathematical typesetting tools

(/usr/share/texlive/texmf-dist/tex/latex/tools/calc.sty
Package: calc 2007/08/22 v4.3 Infix arithmetic (KKT,FJ)
\calc@Acount=\count134
\calc@Bcount=\count135
\calc@Adimen=\dimen158
\calc@Bdimen=\dimen159
\calc@Askip=\skip58
\calc@Bskip=\skip59
LaTeX Info: Redefining \setlength on input line 76.
LaTeX Info: Redefining \addtolength on input line 77.
\calc@Ccount=\count136
\calc@Cskip=\skip60
)
(/usr/share/texlive/texmf-dist/tex/latex/mh/mhsetup.sty
Package: mhsetup 2010/01/21 v1.2a programming setup (MH)
)
(/usr/share/texlive/texmf-dist/tex/latex/amsmath/amsmath.sty
Package: amsmath 2013/01/14 v2.14 AMS math features
\@mathmargin=\skip61

For additional information on amsmath, use the `?' option.
(/usr/share/texlive/texmf-dist/tex/latex/amsmath/amstext.sty
Package: amstext 2000/06/29 v2.01

(/usr/share/texlive/texmf-dist/tex/latex/amsmath/amsgen.sty
File: amsgen.sty 1999/11/30 v2.0
\@emptytoks=\toks24
\ex@=\dimen160
))
(/usr/share/texlive/texmf-dist/tex/latex/amsmath/amsbsy.sty
Package: amsbsy 1999/11/29 v1.2d
\pmbraise@=\dimen161
)
(/usr/share/texlive/texmf-dist/tex/latex/amsmath/amsopn.sty
Package: amsopn 1999/12/14 v2.01 operator names
)
\inf@bad=\count137
LaTeX Info: Redefining \frac on input line 210.
\uproot@=\count138
\leftroot@=\count139
LaTeX Info: Redefining \overline on input line 306.
\classnum@=\count140
\DOTSCASE@=\count141
LaTeX Info: Redefining \ldots on input line 378.
LaTeX Info: Redefining \dots on input line 381.
LaTeX Info: Redefining \cdots on input line 466.
\Mathstrutbox@=\box47
\strutbox@=\box48
\big@size=\dimen162
LaTeX Font Info:    Redeclaring font encoding OML on input line 566.
LaTeX Font Info:    Redeclaring font encoding OMS on input line 567.
\macc@depth=\count142
\c@MaxMatrixCols=\count143
\dotsspace@=\muskip16
\c@parentequation=\count144
\dspbrk@lvl=\count145
\tag@help=\toks25
\row@=\count146
\column@=\count147
\maxfields@=\count148
\andhelp@=\toks26
\eqnshift@=\dimen163
\alignsep@=\dimen164
\tagshift@=\dimen165
\tagwidth@=\dimen166
\totwidth@=\dimen167
\lineht@=\dimen168
\@envbody=\toks27
\multlinegap=\skip62
\multlinetaggap=\skip63
\mathdisplay@stack=\toks28
LaTeX Info: Redefining \[ on input line 2665.
LaTeX Info: Redefining \] on input line 2666.
)
LaTeX Info: Thecontrolsequence`\('isalreadyrobust on input line 129.
LaTeX Info: Thecontrolsequence`\)'isalreadyrobust on input line 129.
LaTeX Info: Thecontrolsequence`\['isalreadyrobust on input line 129.
LaTeX Info: Thecontrolsequence`\]'isalreadyrobust on input line 129.
\g_MT_multlinerow_int=\count149
\l_MT_multwidth_dim=\dimen169
\origjot=\skip64
\l_MT_shortvdotswithinadjustabove_dim=\dimen170
\l_MT_shortvdotswithinadjustbelow_dim=\dimen171
\l_MT_above_intertext_sep=\dimen172
\l_MT_below_intertext_sep=\dimen173
\l_MT_above_shortintertext_sep=\dimen174
\l_MT_below_shortintertext_sep=\dimen175
)
(/usr/share/texlive/texmf-dist/tex/latex/url/url.sty
\Urlmuskip=\muskip17
Package: url 2013/09/16  ver 3.4  Verb mode for urls, etc.
)
(/usr/share/texlive/texmf-dist/tex/latex/caption/caption.sty
Package: caption 2013/05/02 v3.3-89 Customizing captions (AR)

(/usr/share/texlive/texmf-dist/tex/latex/caption/caption3.sty
Package: caption3 2013/05/02 v1.6-88 caption3 kernel (AR)
Package caption3 Info: TeX engine: e-TeX on input line 57.
\captionmargin=\dimen176
\captionmargin@=\dimen177
\captionwidth=\dimen178
\caption@tempdima=\dimen179
\caption@indent=\dimen180
\caption@parindent=\dimen181
\caption@hangindent=\dimen182
)
\c@ContinuedFloat=\count150
Package caption Info: float package is loaded.
)
(/usr/share/texlive/texmf-dist/tex/latex/algorithm2e/algorithm2e.sty
Invalid UTF-8 byte or sequence at line 164 replaced by U+FFFD.
Invalid UTF-8 byte or sequence at line 414 replaced by U+FFFD.
Package: algorithm2e 2013/01/06 v5.00 algorithms environments
\c@AlgoLine=\count151

(/usr/share/texlive/texmf-dist/tex/latex/base/ifthen.sty
Package: ifthen 2001/05/26 v1.1c Standard LaTeX ifthen package (DPC)
)
(/usr/share/texlive/texmf-dist/tex/latex/tools/xspace.sty
Package: xspace 2009/10/20 v1.13 Space after command names (DPC,MH)
)
(/usr/share/texlive/texmf-dist/tex/latex/relsize/relsize.sty
Package: relsize 2013/03/29 ver 4.1
)
********************************************************
Package `algorithm2e' Release 5.0 -- january 06 2013 --
- algorithm2e-announce@lirmm.fr mailing list for announcement about releases
- algorithm2e-discussion@lirmm.fr mailing list for discussion about package
subscribe by emailing sympa@lirmm.fr with 'subscribe <list> <firstname name>'
- Author: Christophe Fiorio (cfiorio@um2.fr)
********************************************************
\skiptotal=\skip65
\skiplinenumber=\skip66
\skiprule=\skip67
\skiphlne=\skip68
\skiptext=\skip69
\skiplength=\skip70
\algomargin=\skip71
\skipalgocfslide=\skip72
\algowidth=\dimen183
\inoutsize=\dimen184
\inoutindent=\dimen185
\interspacetitleruled=\dimen186
\interspacealgoruled=\dimen187
\interspacetitleboxruled=\dimen188
\algocf@inoutbox=\box49
\algocf@inputbox=\box50
\AlCapSkip=\skip73
\AlCapHSkip=\skip74
\algoskipindent=\skip75
\algocf@nlbox=\box51
\algocf@hangingbox=\box52
\algocf@untilbox=\box53
\algocf@skipuntil=\skip76
\algocf@capbox=\box54
\algoheightruledefault=\skip77
\algoheightrule=\skip78
\algotitleheightruledefault=\skip79
\algotitleheightrule=\skip80
\c@algocfline=\count152
\c@algocfproc=\count153
\c@algocf=\count154
\algocf@algoframe=\box55
\algocf@algobox=\box56
) (./report.aux

LaTeX Warning: Label `fig:test2' multiply defined.


LaTeX Warning: Label `fig:test2' multiply defined.


LaTeX Warning: Label `fig:test2' multiply defined.


LaTeX Warning: Label `fig:test2' multiply defined.


LaTeX Warning: Label `fig:test3' multiply defined.


LaTeX Warning: Label `fig:test2' multiply defined.


LaTeX Warning: Label `smbo' multiply defined.


LaTeX Warning: Label `smbo' multiply defined.


LaTeX Warning: Label `smbo' multiply defined.

)
\openout1 = `report.aux'.

LaTeX Font Info:    Checking defaults for OML/cmm/m/it on input line 45.
LaTeX Font Info:    ... okay on input line 45.
LaTeX Font Info:    Checking defaults for T1/cmr/m/n on input line 45.
LaTeX Font Info:    ... okay on input line 45.
LaTeX Font Info:    Checking defaults for OT1/cmr/m/n on input line 45.
LaTeX Font Info:    ... okay on input line 45.
LaTeX Font Info:    Checking defaults for OMS/cmsy/m/n on input line 45.
LaTeX Font Info:    ... okay on input line 45.
LaTeX Font Info:    Checking defaults for OMX/cmex/m/n on input line 45.
LaTeX Font Info:    ... okay on input line 45.
LaTeX Font Info:    Checking defaults for U/cmr/m/n on input line 45.
LaTeX Font Info:    ... okay on input line 45.
LaTeX Font Info:    Checking defaults for EU1/lmr/m/n on input line 45.
LaTeX Font Info:    ... okay on input line 45.
LaTeX Font Info:    Checking defaults for T3/cmr/m/n on input line 45.
LaTeX Font Info:    Try loading font information for T3+cmr on input line 45.
 (/usr/share/texmf/tex/latex/tipa/t3cmr.fd
File: t3cmr.fd 2001/12/31 TIPA font definitions
)
LaTeX Font Info:    ... okay on input line 45.
.................................................
. fontspec info: "setup-math"
. 
. Adjusting the maths setup (use [no-math] to avoid this).
.................................................
\symlegacymaths=\mathgroup4
LaTeX Font Info:    Overwriting symbol font `legacymaths' in version `bold'
(Font)                  OT1/cmr/m/n --> OT1/cmr/bx/n on input line 45.
LaTeX Font Info:    Redeclaring math accent \acute on input line 45.
LaTeX Font Info:    Redeclaring math accent \grave on input line 45.
LaTeX Font Info:    Redeclaring math accent \ddot on input line 45.
LaTeX Font Info:    Redeclaring math accent \tilde on input line 45.
LaTeX Font Info:    Redeclaring math accent \bar on input line 45.
LaTeX Font Info:    Redeclaring math accent \breve on input line 45.
LaTeX Font Info:    Redeclaring math accent \check on input line 45.
LaTeX Font Info:    Redeclaring math accent \hat on input line 45.
LaTeX Font Info:    Redeclaring math accent \dot on input line 45.
LaTeX Font Info:    Redeclaring math accent \mathring on input line 45.
LaTeX Font Info:    Redeclaring math symbol \Gamma on input line 45.
LaTeX Font Info:    Redeclaring math symbol \Delta on input line 45.
LaTeX Font Info:    Redeclaring math symbol \Theta on input line 45.
LaTeX Font Info:    Redeclaring math symbol \Lambda on input line 45.
LaTeX Font Info:    Redeclaring math symbol \Xi on input line 45.
LaTeX Font Info:    Redeclaring math symbol \Pi on input line 45.
LaTeX Font Info:    Redeclaring math symbol \Sigma on input line 45.
LaTeX Font Info:    Redeclaring math symbol \Upsilon on input line 45.
LaTeX Font Info:    Redeclaring math symbol \Phi on input line 45.
LaTeX Font Info:    Redeclaring math symbol \Psi on input line 45.
LaTeX Font Info:    Redeclaring math symbol \Omega on input line 45.
LaTeX Font Info:    Redeclaring math symbol \mathdollar on input line 45.
LaTeX Font Info:    Redeclaring symbol font `operators' on input line 45.
LaTeX Font Info:    Encoding `OT1' has changed to `EU1' for symbol font
(Font)              `operators' in the math version `normal' on input line 45.
LaTeX Font Info:    Overwriting symbol font `operators' in version `normal'
(Font)                  OT1/cmr/m/n --> EU1/LinuxLibertineO(0)/m/n on input lin
e 45.
LaTeX Font Info:    Encoding `OT1' has changed to `EU1' for symbol font
(Font)              `operators' in the math version `bold' on input line 45.
LaTeX Font Info:    Overwriting symbol font `operators' in version `bold'
(Font)                  OT1/cmr/bx/n --> EU1/LinuxLibertineO(0)/m/n on input li
ne 45.
LaTeX Font Info:    Overwriting symbol font `operators' in version `normal'
(Font)                  EU1/LinuxLibertineO(0)/m/n --> EU1/LinuxLibertineO(0)/m
/n on input line 45.
LaTeX Font Info:    Overwriting math alphabet `\mathrm' in version `normal'
(Font)                  EU1/LinuxLibertineO(0)/m/n --> EU1/LinuxLibertineO(0)/m
/n on input line 45.
LaTeX Font Info:    Overwriting math alphabet `\mathit' in version `normal'
(Font)                  OT1/cmr/m/it --> EU1/LinuxLibertineO(0)/m/it on input l
ine 45.
LaTeX Font Info:    Overwriting math alphabet `\mathbf' in version `normal'
(Font)                  OT1/cmr/bx/n --> EU1/LinuxLibertineO(0)/bx/n on input l
ine 45.
LaTeX Font Info:    Overwriting math alphabet `\mathsf' in version `normal'
(Font)                  OT1/cmss/m/n --> EU1/lmss/m/n on input line 45.
LaTeX Font Info:    Overwriting math alphabet `\mathtt' in version `normal'
(Font)                  OT1/cmtt/m/n --> EU1/lmtt/m/n on input line 45.
LaTeX Font Info:    Overwriting symbol font `operators' in version `bold'
(Font)                  EU1/LinuxLibertineO(0)/m/n --> EU1/LinuxLibertineO(0)/b
x/n on input line 45.
LaTeX Font Info:    Overwriting math alphabet `\mathrm' in version `bold'
(Font)                  EU1/LinuxLibertineO(0)/m/n --> EU1/LinuxLibertineO(0)/b
x/n on input line 45.
LaTeX Font Info:    Overwriting math alphabet `\mathit' in version `bold'
(Font)                  OT1/cmr/bx/it --> EU1/LinuxLibertineO(0)/bx/it on input
 line 45.
LaTeX Font Info:    Overwriting math alphabet `\mathsf' in version `bold'
(Font)                  OT1/cmss/bx/n --> EU1/lmss/bx/n on input line 45.
LaTeX Font Info:    Overwriting math alphabet `\mathtt' in version `bold'
(Font)                  OT1/cmtt/m/n --> EU1/lmtt/bx/n on input line 45.

*geometry* driver: auto-detecting
*geometry* detected driver: xetex
*geometry* verbose mode - [ preamble ] result:
* driver: xetex
* paper: <default>
* layout: <same size as paper>
* layoutoffset:(h,v)=(0.0pt,0.0pt)
* modes: includefoot 
* h-part:(L,W,R)=(108.405pt, 433.62001pt, 72.26999pt)
* v-part:(T,H,B)=(72.26999pt, 650.43001pt, 72.26999pt)
* \paperwidth=614.295pt
* \paperheight=794.96999pt
* \textwidth=433.62001pt
* \textheight=620.43001pt
* \oddsidemargin=36.13501pt
* \evensidemargin=36.13501pt
* \topmargin=-37.0pt
* \headheight=12.0pt
* \headsep=25.0pt
* \topskip=10.0pt
* \footskip=30.0pt
* \marginparwidth=65.0pt
* \marginparsep=11.0pt
* \columnsep=10.0pt
* \skip\footins=9.0pt plus 4.0pt minus 2.0pt
* \hoffset=0.0pt
* \voffset=0.0pt
* \mag=1000
* \@twocolumnfalse
* \@twosidefalse
* \@mparswitchfalse
* \@reversemarginfalse
* (1in=72.27pt=25.4mm, 1cm=28.453pt)

LaTeX Info: Redefining \microtypecontext on input line 45.
Package microtype Info: Character protrusion enabled (level 2).
Package microtype Info: Using default protrusion set `alltext'.
Package microtype Info: No adjustment of tracking.
Package microtype Info: No adjustment of spacing.
Package microtype Info: No adjustment of kerning.
Package microtype Info: Loading generic settings for font family
(microtype)             `LinuxLibertineO' (encoding: EU1).
(microtype)             For optimal results, create family-specific settings.
(microtype)             See the microtype manual for details.
Package caption Info: Begin \AtBeginDocument code.
Package caption Info: End \AtBeginDocument code.
(./report.toc (/usr/share/texlive/texmf-dist/tex/latex/microtype/mt-cmr.cfg
File: mt-cmr.cfg 2013/05/19 v2.2 microtype config. file: Computer Modern Roman 
(RS)
)
[1

])
\tf@toc=\write3
\openout3 = `report.toc'.

 [2] (./report.lof [3

])
\tf@lof=\write4
\openout4 = `report.lof'.

 [4]
Underfull \hbox (badness 4132) in paragraph at lines 66--67
\EU1/LinuxLibertineO(0)/m/n/10 ανήκει ένα δεδομένο. Για παράδειγμα ένα εργοστάσ
ιο ενδιαφέρεται για την πρόβλεψη
 []

[5

]
Underfull \hbox (badness 4569) in paragraph at lines 79--81
[]\EU1/LinuxLibertineO(0)/m/it/10 Μη Επιβλεπόμενη μάθηση. \EU1/LinuxLibertineO(
0)/m/n/10 Εδώ, δε δίνεται πληροφορία στον αλγόριθμο σχετικά με το
 []

File: images/tumor.png Graphic file (type QTm)
<use  "images/tumor.png" > [6]
Underfull \hbox (badness 7963) in paragraph at lines 102--103
[]\EU1/LinuxLibertineO(0)/m/it/10 Αλγόριθμος μάθησης. \EU1/LinuxLibertineO(0)/m
/n/10 Ανάλογα με το μοντέλο που έχουμε επιλέξει, υπάρχει μια
 []


Underfull \hbox (badness 3568) in paragraph at lines 102--103
\EU1/LinuxLibertineO(0)/m/n/10 γκάμα αλγορίθμων, οι οποίοι επιτελούν τη διαδικα
σία της μάθησης, προσπαθώντας
 []


Underfull \hbox (badness 1661) in paragraph at lines 102--103
\EU1/LinuxLibertineO(0)/m/n/10 να βελτιστοποιήσουν τις παραμέτρους της υπόθεσης
. Για παράδειγμα οι perceptrons
 []

[7]

LaTeX Warning: File `learning.png' not found on input line 107.

! Unable to load picture or PDF file 'learning.png'.
<to be read again> 
                   }
l.107 ...h=0.9\textwidth,height=8cm]{learning.png}
                                                  
The requested image couldn't be read because
it was not a recognized image format.


! Package graphics Error: Division by 0.

See the graphics package documentation for explanation.
Type  H <return>  for immediate help.
 ...                                              
                                                  
l.107 ...h=0.9\textwidth,height=8cm]{learning.png}
                                                  
Your command was ignored.
Type  I <command> <return>  to replace it with another command,
or  <return>  to continue without it.


! Package graphics Error: Division by 0.

See the graphics package documentation for explanation.
Type  H <return>  for immediate help.
 ...                                              
                                                  
l.107 ...h=0.9\textwidth,height=8cm]{learning.png}
                                                  
Your command was ignored.
Type  I <command> <return>  to replace it with another command,
or  <return>  to continue without it.

File: learning.png Graphic file (type QTm)
<use  "learning.png" >
! Unable to load picture or PDF file 'learning.png'.
<to be read again> 
                   \GXT@clipend 
l.107 ...h=0.9\textwidth,height=8cm]{learning.png}
                                                  
The requested image couldn't be read because
it was not a recognized image format.


LaTeX Warning: File `marbles.png' not found on input line 129.

! Unable to load picture or PDF file 'marbles.png'.
<to be read again> 
                   }
l.129 ...th=0.9\textwidth,height=8cm]{marbles.png}
                                                  
The requested image couldn't be read because
it was not a recognized image format.


! Package graphics Error: Division by 0.

See the graphics package documentation for explanation.
Type  H <return>  for immediate help.
 ...                                              
                                                  
l.129 ...th=0.9\textwidth,height=8cm]{marbles.png}
                                                  
Your command was ignored.
Type  I <command> <return>  to replace it with another command,
or  <return>  to continue without it.


! Package graphics Error: Division by 0.

See the graphics package documentation for explanation.
Type  H <return>  for immediate help.
 ...                                              
                                                  
l.129 ...th=0.9\textwidth,height=8cm]{marbles.png}
                                                  
Your command was ignored.
Type  I <command> <return>  to replace it with another command,
or  <return>  to continue without it.

File: marbles.png Graphic file (type QTm)
<use  "marbles.png" >
! Unable to load picture or PDF file 'marbles.png'.
<to be read again> 
                   \GXT@clipend 
l.129 ...th=0.9\textwidth,height=8cm]{marbles.png}
                                                  
The requested image couldn't be read because
it was not a recognized image format.

[8]
File: images/scatter.png Graphic file (type QTm)
 <use  "images/scatter.png" >
Underfull \hbox (badness 10000) in paragraph at lines 151--151
[]\EU1/LinuxLibertineO(0)/m/n/10 Σχήμα 4: |Διάγραμμα Διασποράς.
 []


Underfull \hbox (badness 4156) in paragraph at lines 151--151
\EU1/LinuxLibertineO(0)/m/n/10 Παρατηρώ πως τα χαρακτηριστικά
 []

File: images/boxplot.png Graphic file (type QTm)
<use  "images/boxplot.png" >
Underfull \hbox (badness 3668) in paragraph at lines 158--158
[]\EU1/LinuxLibertineO(0)/m/n/10 Σχήμα 5: |Θηκόγραμμα. Συνήθως
 []


Underfull \hbox (badness 5771) in paragraph at lines 158--158
\EU1/LinuxLibertineO(0)/m/n/10 χρησιμοποιείται για την ανίχνευση
 []


Underfull \hbox (badness 2237) in paragraph at lines 144--161
\EU1/LinuxLibertineO(0)/m/n/10 των χαρακτηριστικών, όπως θόρυβος, αγνοούμενες τ
ιμές, ανιχνεύονται συσχετίσεις μεταξύ τους,
 []


Underfull \hbox (badness 1845) in paragraph at lines 144--161
\EU1/LinuxLibertineO(0)/m/n/10 αναδεικνύονται χρήσιμα χαρακτηριστικά και πρότυπ
α, που επηρεάζουν την καταλληλότητα των
 []

[9]
Underfull \hbox (badness 1163) in paragraph at lines 166--167
\EU1/LinuxLibertineO(0)/m/n/10 παράδειγμα του σετ δεδομένων. Σε αυτήν την περίπ
τωση ο ειδικός οφείλει να επιλέξει πώς θα
 []


Underfull \hbox (badness 6220) in paragraph at lines 168--169
 \EU1/LinuxLibertineO(0)/bx/n/10 Θόρυβος[] \EU1/LinuxLibertineO(0)/m/n/10 Ορισμ
ένοι αλγόριθμοι μάθησης είναι ευαίσθητοι στο θόρυβο, ο οποίος μπορεί να
 []


Underfull \hbox (badness 1661) in paragraph at lines 170--171
 \EU1/LinuxLibertineO(0)/bx/n/10 Απαγορευτικός όγκος δεδομένων.[] \EU1/LinuxLib
ertineO(0)/m/n/10 Η υπολογιστική και χρονική πολυπλοκότητα ενός μοντέλου
 []


Underfull \hbox (badness 2903) in paragraph at lines 172--173
\EU1/LinuxLibertineO(0)/m/n/10 απαιτητικό και σημαντικό βήμα προς την επίτευξη 
ενός αποτελεσματικού μοντέλου. Ορίζεται
 []

[10]
Underfull \hbox (badness 1558) in paragraph at lines 182--184
[]\EU1/LinuxLibertineO(0)/m/it/10 αποφυγή υπερπροσαρμογής. \EU1/LinuxLibertineO
(0)/m/n/10 Το φαινόμενο αυτό συμβαίνει όταν προσπαθούμε πολύ να
 []


Underfull \hbox (badness 1466) in paragraph at lines 182--184
\EU1/LinuxLibertineO(0)/m/n/10 μοντέλο, που έχει προσαρμοστεί τέλεια στις ιδιαι
τερότητες του σετ εκπαίδευσης. Το
 []


Underfull \hbox (badness 1406) in paragraph at lines 182--184
\EU1/LinuxLibertineO(0)/m/n/10 άσχετα με την κλάση, δηλαδή δεν περιέχουν πληροφ
ορία που βοηθά στην πρόβλεψη,
 []

File: images/overfit.png Graphic file (type QTm)
<use  "images/overfit.png" > [11]
Underfull \hbox (badness 1237) in paragraph at lines 192--194
\EU1/LinuxLibertineO(0)/m/n/10 συχνότητα εμφάνισης. Για παράδειγμα σε μία εφαρμ
ογή ανίχνευσης εξαπάτησης σε οικονομικές
 []


Underfull \hbox (badness 2088) in paragraph at lines 201--202
\EU1/LinuxLibertineO(0)/m/n/10 την σπάνια κλάση, μπορούμε να εξισορροπήσουμε τη
 συχνότητα εμφάνισης των κλάσεων.
 []

[12]
Underfull \hbox (badness 2856) in paragraph at lines 226--227
\EU1/LinuxLibertineO(0)/m/n/10 Εδώ, ο ειδικός διαλέγει το σετ υποθέσεων που θα 
δοκιμάσει και τον αλγόριθμο μάθησης και
 []


LaTeX Warning: File `wrapper.png' not found on input line 231.

! Unable to load picture or PDF file 'wrapper.png'.
<to be read again> 
                   }
l.231 ...raphics[width=0.9\textwidth]{wrapper.png}
                                                  
The requested image couldn't be read because
it was not a recognized image format.


! Package graphics Error: Division by 0.

See the graphics package documentation for explanation.
Type  H <return>  for immediate help.
 ...                                              
                                                  
l.231 ...raphics[width=0.9\textwidth]{wrapper.png}
                                                  
Your command was ignored.
Type  I <command> <return>  to replace it with another command,
or  <return>  to continue without it.

File: wrapper.png Graphic file (type QTm)
<use  "wrapper.png" >
! Unable to load picture or PDF file 'wrapper.png'.
<to be read again> 
                   \GXT@clipend 
l.231 ...raphics[width=0.9\textwidth]{wrapper.png}
                                                  
The requested image couldn't be read because
it was not a recognized image format.


Underfull \hbox (badness 1831) in paragraph at lines 228--233
 \EU1/LinuxLibertineO(0)/bx/n/10 Επιλογή χαρακτηριστικών.[] \EU1/LinuxLibertine
O(0)/m/n/10 Αν και συναντήσαμε την επιλογή χαρακτηριστικών κατά την προ
 []

[13]
Underfull \hbox (badness 10000) in paragraph at lines 244--245
 \EU1/LinuxLibertineO(0)/bx/n/10 Βελτιστοποίηση υπερπαραμέτρων.[] \EU1/LinuxLib
ertineO(0)/m/n/10 Κάθε μοντέλο ταξινόμησης χαρακτηρίζεται από κάποιες
 []

[14]
File: images/confusion.png Graphic file (type QTm)
 <use  "images/confusion.png" >
File: images/roc.png Graphic file (type QTm)
 <use  "images/roc.png" > [15]
File: images/knn.png Graphic file (type QTm)

<use  "images/knn.png" >
Underfull \hbox (badness 2772) in paragraph at lines 289--294
[]\EU1/LinuxLibertineO(0)/m/n/10 Αν φανταστούμε πως τα δεδομένα ζουν σε ένα χώρ
ο ίσων διαστάσεων με το πλήθος των
 []

[16]
Missing character: There is no Κ in font cmmi7!
Missing character: There is no Κ in font cmmi7!
Missing character: There is no Κ in font cmmi5!
Missing character: There is no Κ in font cmmi5!

Underfull \hbox (badness 2020) in paragraph at lines 299--300
[]\EU1/LinuxLibertineO(0)/m/it/10 Απόσταση Hamming. \EU1/LinuxLibertineO(0)/m/n
/10 Χρησιμοποιείται για κατηγορικά δεδομένα και κυρίως σε εφαρμογές
 []

Missing character: There is no Ξ in font cmmi7!
[17]
File: images/rbf.png Graphic file (type QTm)
 <use  "images/rbf.png" >

LaTeX Warning: File `smallg.png' not found on input line 354.

! Unable to load picture or PDF file 'smallg.png'.
<to be read again> 
                   }
l.354 ...idth, height=0.15\textheight]{smallg.png}
                                                  
The requested image couldn't be read because
it was not a recognized image format.


! Package graphics Error: Division by 0.

See the graphics package documentation for explanation.
Type  H <return>  for immediate help.
 ...                                              
                                                  
l.354 ...idth, height=0.15\textheight]{smallg.png}
                                                  
Your command was ignored.
Type  I <command> <return>  to replace it with another command,
or  <return>  to continue without it.


! Package graphics Error: Division by 0.

See the graphics package documentation for explanation.
Type  H <return>  for immediate help.
 ...                                              
                                                  
l.354 ...idth, height=0.15\textheight]{smallg.png}
                                                  
Your command was ignored.
Type  I <command> <return>  to replace it with another command,
or  <return>  to continue without it.

File: smallg.png Graphic file (type QTm)
<use  "smallg.png" >
! Unable to load picture or PDF file 'smallg.png'.
<to be read again> 
                   \GXT@clipend 
l.354 ...idth, height=0.15\textheight]{smallg.png}
                                                  
The requested image couldn't be read because
it was not a recognized image format.


LaTeX Warning: File `big.png' not found on input line 360.

! Unable to load picture or PDF file 'big.png'.
<to be read again> 
                   }
l.360 ...newidth, height=0.15\textheight]{big.png}
                                                  
The requested image couldn't be read because
it was not a recognized image format.


! Package graphics Error: Division by 0.

See the graphics package documentation for explanation.
Type  H <return>  for immediate help.
 ...                                              
                                                  
l.360 ...newidth, height=0.15\textheight]{big.png}
                                                  
Your command was ignored.
Type  I <command> <return>  to replace it with another command,
or  <return>  to continue without it.


! Package graphics Error: Division by 0.

See the graphics package documentation for explanation.
Type  H <return>  for immediate help.
 ...                                              
                                                  
l.360 ...newidth, height=0.15\textheight]{big.png}
                                                  
Your command was ignored.
Type  I <command> <return>  to replace it with another command,
or  <return>  to continue without it.

File: big.png Graphic file (type QTm)
<use  "big.png" >
! Unable to load picture or PDF file 'big.png'.
<to be read again> 
                   \GXT@clipend 
l.360 ...newidth, height=0.15\textheight]{big.png}
                                                  
The requested image couldn't be read because
it was not a recognized image format.

[18]
Missing character: There is no Α in font cmmi10!
Missing character: There is no Ι in font cmmi10!


LaTeX Warning: Command \= invalid in math mode on input line 378.

Missing character: There is no Α in font cmmi10!
Missing character: There is no Ι in font cmmi10!
Missing character: There is no ̄ in font cmmi10!

Overfull \hbox (6.79999pt too wide) in paragraph at lines 372--379
[] 
 []

[19]
Underfull \hbox (badness 1383) in paragraph at lines 404--405
 \EU1/LinuxLibertineO(0)/bx/n/10 Υπολογισμός Μοντέλου[] \EU1/LinuxLibertineO(0)
/m/n/10 Η διαδικασία εφαρμογής του αλγορίθμου αυτού είναι η εξής: αρχικά,
 []

[20]
Underfull \hbox (badness 4072) in paragraph at lines 413--414
[]\EU1/LinuxLibertineO(0)/m/n/10 μόλις έχουμε ολοκληρώσει μια πρόβλεψη και είμα
στε σίγουροι για αυτήν, μπορούμε να
 []

File: images/logistic.png Graphic file (type QTm)
<use  "images/logistic.png" > [21]
File: images/gradient.png Graphic file (type QTm)
 <use  "images/gradient.png" >
Underfull \hbox (badness 1454) in paragraph at lines 452--457
\EU1/LinuxLibertineO(0)/m/n/10 επιλέγει άπληστα να κινηθεί προς την πιο απότομη
 κατεύθυνση, που αντιστοιχεί στην αντίθετη
 []

File: images/smallstep.png Graphic file (type QTm)
<use  "images/smallstep.png" >
File: images/bigstep.png Graphic file (type QTm)
 <use  "images/bigstep.png" > [22]
File: images/svm_dots.png Graphic file (type QTm)

<use  "images/svm_dots.png" >
Underfull \hbox (badness 1221) in paragraph at lines 475--481
\EU1/LinuxLibertineO(0)/m/n/10 Πρόκειται για μία από τις πιο πρόσφατες τεχνικές
 στον τομέα της επιβλεπόμενης μάθησης, που
 []

File: images/svm_line1.png Graphic file (type QTm)
<use  "images/svm_line1.png" >
File: images/svm_line2.png Graphic file (type QTm)
 <use  "images/svm_line2.png" >
File: images/svm_line3.png Graphic file (type QTm)

<use  "images/svm_line3.png" > [23]
File: images/svm.png Graphic file (type QTm)
 <use  "images/svm.png" > [24]
Underfull \hbox (badness 2073) in paragraph at lines 515--516
\EU1/LinuxLibertineO(0)/m/n/10 σταθερά και να το πολλαπλασιάσω θα συνεχίσω να έ
χω το ίδιο επίπεδο. Για αυτό θα
 []

[25]
Overfull \hbox (6.79999pt too wide) in paragraph at lines 541--550
[]
 []


Overfull \hbox (6.79999pt too wide) in paragraph at lines 566--574
[] 
 []

[26]
File: images/kernel.png Graphic file (type QTm)
 <use  "images/kernel.png" >
Underfull \hbox (badness 1460) in paragraph at lines 589--594
\EU1/LinuxLibertineO(0)/m/n/10 υπερεπίπεδα, επομένω κάποιος θα μπορούσε να συμπ
εράνει πως λειτουργούν μόνο για γραμμικά
 []

[27]
File: images/soft1.png Graphic file (type QTm)
 <use  "images/soft1.png" >
File: images/soft2.png Graphic file (type QTm)
 <use  "images/soft2.png" >
Underfull \hbox (badness 1005) in paragraph at lines 622--638
\EU1/LinuxLibertineO(0)/m/n/10 γραμμικότητα στα δεδομένα μας θα εφαρμόζουμε τη 
συνάρτηση πυρήνα; Ας δούμε το παρακάτω
 []


Underfull \hbox (badness 10000) in paragraph at lines 639--641
[]\EU1/LinuxLibertineO(0)/m/n/10 Και τα δύο σχήματα αντιστοιχούν σε μη γραμμικά
 διαχωρίσιμα προβλήματα, ωστόσο
 []

[28]
File: images/violation.png Graphic file (type QTm)
 <use  "images/violation.png" > [29] [30] [31] [32]
Underfull \hbox (badness 1895) in paragraph at lines 748--749
 \EU1/LinuxLibertineO(0)/bx/n/10 Μέθοδος Μεταθέσεων PIMP[] \EU1/LinuxLibertineO
(0)/m/n/10 Η βασική ιδέα πίσω από αυτές τις μεθόδους είναι η δημιουργία
 []

[33]
Underfull \hbox (badness 1038) in paragraph at lines 765--766
[]\EU1/LinuxLibertineO(0)/m/n/10 Υπάρχουν διάφορες τεχνικές με τις οποίες μπορο
ύμε να συνδυάσουμε τη γνώση διαφορετικών
 []

[34]
File: images/bias.png Graphic file (type QTm)
 <use  "images/bias.png" >
File: images/variance.png Graphic file (type QTm)
 <use  "images/variance.png" >
Underfull \hbox (badness 1817) in paragraph at lines 780--785
[]\EU1/LinuxLibertineO(0)/m/n/10 Η πρώτη επιλογή μας συνιστά μία ευθεία, δηλαδή
 ένα πολυώνυμο πρώτης τάξης, το οποίο
 []

[35]
Underfull \hbox (badness 1436) in paragraph at lines 788--789
\EU1/LinuxLibertineO(0)/m/n/10 θόρυβο, ο οποίος κάθεται τυχαία στα δεδομένα μας
 και χαρακτηρίζεται από μία κατανομή $\OML/cmm/m/it/10 ^^O\OT1/cmr/m/n/10 (\OML
/cmm/m/it/10 x\OT1/cmr/m/n/10 )$
 []


LaTeX Warning: File `reg_example.png' not found on input line 796.

! Unable to load picture or PDF file 'reg_example.png'.
<to be read again> 
                   }
l.796 ...ics[width=0.8\textwidth]{reg_example.png}
                                                  
The requested image couldn't be read because
it was not a recognized image format.


! Package graphics Error: Division by 0.

See the graphics package documentation for explanation.
Type  H <return>  for immediate help.
 ...                                              
                                                  
l.796 ...ics[width=0.8\textwidth]{reg_example.png}
                                                  
Your command was ignored.
Type  I <command> <return>  to replace it with another command,
or  <return>  to continue without it.

File: reg_example.png Graphic file (type QTm)
<use  "reg_example.png" >
! Unable to load picture or PDF file 'reg_example.png'.
<to be read again> 
                   \GXT@clipend 
l.796 ...ics[width=0.8\textwidth]{reg_example.png}
                                                  
The requested image couldn't be read because
it was not a recognized image format.

[36]
Underfull \hbox (badness 5217) in paragraph at lines 800--801
[]\EU1/LinuxLibertineO(0)/m/n/10 Στη συνέχεια θα δούμε πώς εφαρμόζεται η κανονι
κοποίηση σε ένα πρόβλημα λογιστικής
 []


Underfull \hbox (badness 4072) in paragraph at lines 802--803
[]\EU1/LinuxLibertineO(0)/m/n/10 Όπως έχουμε δει στο κεφάλαιο της λογιστικής πα
λινδρόμησης, η συνάρτηση λάθους που
 []


LaTeX Warning: File `opt_graph.png' not found on input line 819.

! Unable to load picture or PDF file 'opt_graph.png'.
<to be read again> 
                   }
l.819 ...includegraphics[scale=0.7]{opt_graph.png}
                                                  
The requested image couldn't be read because
it was not a recognized image format.

File: opt_graph.png Graphic file (type QTm)
<use  "opt_graph.png" >
! Unable to load picture or PDF file 'opt_graph.png'.
<to be read again> 
                   \GXT@clipend 
l.819 ...includegraphics[scale=0.7]{opt_graph.png}
                                                  
The requested image couldn't be read because
it was not a recognized image format.

[37]
Underfull \hbox (badness 2285) in paragraph at lines 829--830
[]\EU1/LinuxLibertineO(0)/m/n/10 Η παραπάνω διατύπωση είναι αποκαλυπτική: ένα π
ρόβλημα βελτιστοποίησης υπό συνθήκη
 []


LaTeX Warning: File `l_reg.png' not found on input line 844.

! Unable to load picture or PDF file 'l_reg.png'.
<to be read again> 
                   }
l.844 ...egraphics[width=0.8\textwidth]{l_reg.png}
                                                  
The requested image couldn't be read because
it was not a recognized image format.


! Package graphics Error: Division by 0.

See the graphics package documentation for explanation.
Type  H <return>  for immediate help.
 ...                                              
                                                  
l.844 ...egraphics[width=0.8\textwidth]{l_reg.png}
                                                  
Your command was ignored.
Type  I <command> <return>  to replace it with another command,
or  <return>  to continue without it.

File: l_reg.png Graphic file (type QTm)
<use  "l_reg.png" >
! Unable to load picture or PDF file 'l_reg.png'.
<to be read again> 
                   \GXT@clipend 
l.844 ...egraphics[width=0.8\textwidth]{l_reg.png}
                                                  
The requested image couldn't be read because
it was not a recognized image format.

[38]
Underfull \hbox (badness 5985) in paragraph at lines 854--856
[]\EU1/LinuxLibertineO(0)/m/n/10 Ο όρος automl είναι σχετικά πρόσφατος στη βιβλ
ιογραφία και αφορά κάθε προσπάθεια
 []


Underfull \hbox (badness 1173) in paragraph at lines 860--861
[]\EU1/LinuxLibertineO(0)/m/n/10 Αν και βραχύβια, η ιστορία του automl μπορεί ν
α μας διδάξει κάτι: η αρχική θεώρηση της
 []


Underfull \hbox (badness 1019) in paragraph at lines 863--864
\EU1/LinuxLibertineO(0)/m/n/10 απαιτούνται αρκετά πειράματα, ώστε με επαλήθευση
 να διαπιστωθεί ποιες παράμετροι δίνουν το
 []

[39]
Underfull \hbox (badness 1275) in paragraph at lines 871--872
\EU1/LinuxLibertineO(0)/m/n/10 συνόλου παρατηρήσεων Ε, η εκ των υστέρων πιθανότ
ητα, δηλαδή η πιθανότητα δεδομένων των
 []


Underfull \hbox (badness 4072) in paragraph at lines 876--878
[]\EU1/LinuxLibertineO(0)/m/n/10 Η γκαουσιανή διαδικασία ορίζεται ως μια επέκτα
ση μιας γκαουσιανής κατανομής πολλών
 []

[40]
Underfull \hbox (badness 1127) in paragraph at lines 901--902
\EU1/LinuxLibertineO(0)/m/n/10 αποτελεί την τρέχουσα εντύπωση που έχουμε για τη
ν άγνωστη συνάρτηση. Μπορούμε να
 []

[41]

LaTeX Warning: File `sample.png' not found on input line 908.

! Unable to load picture or PDF file 'sample.png'.
<to be read again> 
                   }
l.908 ...raphics[width=5cm,height=3cm]{sample.png}
                                                  
The requested image couldn't be read because
it was not a recognized image format.


! Package graphics Error: Division by 0.

See the graphics package documentation for explanation.
Type  H <return>  for immediate help.
 ...                                              
                                                  
l.908 ...raphics[width=5cm,height=3cm]{sample.png}
                                                  
Your command was ignored.
Type  I <command> <return>  to replace it with another command,
or  <return>  to continue without it.


! Package graphics Error: Division by 0.

See the graphics package documentation for explanation.
Type  H <return>  for immediate help.
 ...                                              
                                                  
l.908 ...raphics[width=5cm,height=3cm]{sample.png}
                                                  
Your command was ignored.
Type  I <command> <return>  to replace it with another command,
or  <return>  to continue without it.

File: sample.png Graphic file (type QTm)
<use  "sample.png" >
! Unable to load picture or PDF file 'sample.png'.
<to be read again> 
                   \GXT@clipend 
l.908 ...raphics[width=5cm,height=3cm]{sample.png}
                                                  
The requested image couldn't be read because
it was not a recognized image format.


Underfull \hbox (badness 10000) in paragraph at lines 909--909
[]\EU1/LinuxLibertineO(0)/m/n/10 Σχήμα 32: |Αρχικό δείγμα
 []


LaTeX Warning: File `explore.png' not found on input line 911.

! Unable to load picture or PDF file 'explore.png'.
<to be read again> 
                   }
l.911 ...aphics[width=5cm,height=3cm]{explore.png}
                                                  
The requested image couldn't be read because
it was not a recognized image format.


! Package graphics Error: Division by 0.

See the graphics package documentation for explanation.
Type  H <return>  for immediate help.
 ...                                              
                                                  
l.911 ...aphics[width=5cm,height=3cm]{explore.png}
                                                  
Your command was ignored.
Type  I <command> <return>  to replace it with another command,
or  <return>  to continue without it.


! Package graphics Error: Division by 0.

See the graphics package documentation for explanation.
Type  H <return>  for immediate help.
 ...                                              
                                                  
l.911 ...aphics[width=5cm,height=3cm]{explore.png}
                                                  
Your command was ignored.
Type  I <command> <return>  to replace it with another command,
or  <return>  to continue without it.

File: explore.png Graphic file (type QTm)
<use  "explore.png" >
! Unable to load picture or PDF file 'explore.png'.
<to be read again> 
                   \GXT@clipend 
l.911 ...aphics[width=5cm,height=3cm]{explore.png}
                                                  
The requested image couldn't be read because
it was not a recognized image format.


Underfull \hbox (badness 5217) in paragraph at lines 912--912
[]\EU1/LinuxLibertineO(0)/m/n/10 Σχήμα 33: |Συνάρτηση απόκτησης:
 []


Underfull \hbox (badness 10000) in paragraph at lines 912--912
\EU1/LinuxLibertineO(0)/m/n/10 παρατηρούμε την προσπάθεια
 []


Underfull \hbox (badness 10000) in paragraph at lines 912--912
\EU1/LinuxLibertineO(0)/m/n/10 με ταυτόχρονη προσέγγιση καλών
 []


LaTeX Warning: File `posterior.png' not found on input line 918.

! Unable to load picture or PDF file 'posterior.png'.
<to be read again> 
                   }
l.918 ...hics[width=5cm,height=3cm]{posterior.png}
                                                  
The requested image couldn't be read because
it was not a recognized image format.


! Package graphics Error: Division by 0.

See the graphics package documentation for explanation.
Type  H <return>  for immediate help.
 ...                                              
                                                  
l.918 ...hics[width=5cm,height=3cm]{posterior.png}
                                                  
Your command was ignored.
Type  I <command> <return>  to replace it with another command,
or  <return>  to continue without it.


! Package graphics Error: Division by 0.

See the graphics package documentation for explanation.
Type  H <return>  for immediate help.
 ...                                              
                                                  
l.918 ...hics[width=5cm,height=3cm]{posterior.png}
                                                  
Your command was ignored.
Type  I <command> <return>  to replace it with another command,
or  <return>  to continue without it.

File: posterior.png Graphic file (type QTm)
<use  "posterior.png" >
! Unable to load picture or PDF file 'posterior.png'.
<to be read again> 
                   \GXT@clipend 
l.918 ...hics[width=5cm,height=3cm]{posterior.png}
                                                  
The requested image couldn't be read because
it was not a recognized image format.


Underfull \hbox (badness 3895) in paragraph at lines 919--919
\EU1/LinuxLibertineO(0)/m/n/10 πιθανότητα με χρήση γκαουσιανών
 []


LaTeX Warning: File `optimize.png' not found on input line 921.

! Unable to load picture or PDF file 'optimize.png'.
<to be read again> 
                   }
l.921 ...phics[width=5cm,height=3cm]{optimize.png}
                                                  
The requested image couldn't be read because
it was not a recognized image format.


! Package graphics Error: Division by 0.

See the graphics package documentation for explanation.
Type  H <return>  for immediate help.
 ...                                              
                                                  
l.921 ...phics[width=5cm,height=3cm]{optimize.png}
                                                  
Your command was ignored.
Type  I <command> <return>  to replace it with another command,
or  <return>  to continue without it.


! Package graphics Error: Division by 0.

See the graphics package documentation for explanation.
Type  H <return>  for immediate help.
 ...                                              
                                                  
l.921 ...phics[width=5cm,height=3cm]{optimize.png}
                                                  
Your command was ignored.
Type  I <command> <return>  to replace it with another command,
or  <return>  to continue without it.

File: optimize.png Graphic file (type QTm)
<use  "optimize.png" >
! Unable to load picture or PDF file 'optimize.png'.
<to be read again> 
                   \GXT@clipend 
l.921 ...phics[width=5cm,height=3cm]{optimize.png}
                                                  
The requested image couldn't be read because
it was not a recognized image format.


Underfull \hbox (badness 10000) in paragraph at lines 922--922
[]\EU1/LinuxLibertineO(0)/m/n/10 Σχήμα 35: |Βελτιστοποίηση
 []


LaTeX Warning: File `next.png' not found on input line 926.

! Unable to load picture or PDF file 'next.png'.
<to be read again> 
                   }
l.926 ...egraphics[width=5cm,height=3cm]{next.png}
                                                  
The requested image couldn't be read because
it was not a recognized image format.


! Package graphics Error: Division by 0.

See the graphics package documentation for explanation.
Type  H <return>  for immediate help.
 ...                                              
                                                  
l.926 ...egraphics[width=5cm,height=3cm]{next.png}
                                                  
Your command was ignored.
Type  I <command> <return>  to replace it with another command,
or  <return>  to continue without it.


! Package graphics Error: Division by 0.

See the graphics package documentation for explanation.
Type  H <return>  for immediate help.
 ...                                              
                                                  
l.926 ...egraphics[width=5cm,height=3cm]{next.png}
                                                  
Your command was ignored.
Type  I <command> <return>  to replace it with another command,
or  <return>  to continue without it.

File: next.png Graphic file (type QTm)
<use  "next.png" >
! Unable to load picture or PDF file 'next.png'.
<to be read again> 
                   \GXT@clipend 
l.926 ...egraphics[width=5cm,height=3cm]{next.png}
                                                  
The requested image couldn't be read because
it was not a recognized image format.


Overfull \hbox (1.66666pt too wide) in paragraph at lines 905--930
[]$[]$ $[]$
 []

[42]
Underfull \hbox (badness 1117) in paragraph at lines 934--935
[]\EU1/LinuxLibertineO(0)/m/n/10 Στη δεύτερη κατηγορία συναντούμε απλούς αλγορί
θμους, που βασίζονται σε τεχνικές όπως η
 []


Underfull \hbox (badness 1990) in paragraph at lines 934--935
\EU1/LinuxLibertineO(0)/m/n/10 τυχαία, ομοιόμορφη αναζήτηση στο πλέγμα των υπερ
παραμέτρων (\EU1/LinuxLibertineO(0)/m/it/10 ROAR\EU1/LinuxLibertineO(0)/m/n/10 
), επαναληπτική τοπική
 []


Overfull \hbox (6.79999pt too wide) in paragraph at lines 958--966
[] 
 []


Underfull \hbox (badness 10000) in paragraph at lines 958--966

 []

[43]
Underfull \hbox (badness 2503) in paragraph at lines 967--968
[]\EU1/LinuxLibertineO(0)/m/n/10 Οι κατανομές $\OML/cmm/m/it/10 l\OT1/cmr/m/n/1
0 (\OML/cmm/m/it/10 ^^R\OT1/cmr/m/n/10 )$ \EU1/LinuxLibertineO(0)/m/n/10 και $\
OML/cmm/m/it/10 g\OT1/cmr/m/n/10 (\OML/cmm/m/it/10 ^^R\OT1/cmr/m/n/10 )$ \EU1/L
inuxLibertineO(0)/m/n/10 παρουσιάζουν μία ιεραρχική δομή, καθώς αντιπροσωπεύουν
 τις
 []


Underfull \hbox (badness 1097) in paragraph at lines 975--976
\EU1/LinuxLibertineO(0)/m/n/10 Αν αναλογιστεί κανείς το εύρος των εφαρμογών μηχ
ανικής μάθησης, θα κατανοήσει την ύπαρξη
 []


Underfull \hbox (badness 1137) in paragraph at lines 975--976
\EU1/LinuxLibertineO(0)/m/n/10 μοντέλων πρόβλεψης έχει οδηγήσει στην κυκλοφορία
 πολλών εμπορικών εργαλείων, αλλά και οι
 []


Underfull \hbox (badness 1092) in paragraph at lines 976--977
 \EU1/LinuxLibertineO(0)/bx/n/10 HPOlib[] \EU1/LinuxLibertineO(0)/m/n/10 Πρόκει
ται για μία βιβλιοθήκη βελτιστοποίησης υπερπαραμέτρων, που παρέχει μία κοινή
 []

[44]
File: images/weka_1.png Graphic file (type QTm)
 <use  "images/weka_1.png" >
File: images/caret_1.png Graphic file (type QTm)
 <use  "images/caret_1.png" >
File: images/weka_2.png Graphic file (type QTm)

<use  "images/weka_2.png" >
Underfull \hbox (badness 10000) in paragraph at lines 999--999
[]\EU1/LinuxLibertineO(0)/m/n/10 Σχήμα 39: |Διεπαφή Weka: Ο
 []


Underfull \hbox (badness 10000) in paragraph at lines 999--999
\EU1/LinuxLibertineO(0)/m/n/10 χρήστης παρατηρεί την κατανομή
 []


Underfull \hbox (badness 10000) in paragraph at lines 999--999
\EU1/LinuxLibertineO(0)/m/n/10 των τιμών ενός χαρακτηριστικού
 []


Underfull \hbox (badness 1577) in paragraph at lines 999--999
\EU1/LinuxLibertineO(0)/m/n/10 σε 3 διαφορετικές κλάσεις κατά τη
 []

File: images/caret_2.png Graphic file (type QTm)
<use  "images/caret_2.png" >
Underfull \hbox (badness 10000) in paragraph at lines 1002--1002
\EU1/LinuxLibertineO(0)/m/n/10 διάφορα εργαλεία οπτικοποίησης
 []


Underfull \hbox (badness 4316) in paragraph at lines 1002--1002
\EU1/LinuxLibertineO(0)/m/n/10 των δεδομένων, όπως διαγράμματα
 []

File: images/automl_1.png Graphic file (type QTm)
<use  "images/automl_1.png" >
Overfull \hbox (1.66666pt too wide) in paragraph at lines 985--1011
[]$[]$ $[]$
 []


Underfull \hbox (badness 1052) in paragraph at lines 983--1011
 \EU1/LinuxLibertineO(0)/bx/n/10 Πακέτο Caret[] \EU1/LinuxLibertineO(0)/m/n/10 
Το πακέτο αυτό ανήκει στην R, που αποτελεί μία γλώσσα προγραμματισμού και
 []


Underfull \hbox (badness 1048) in paragraph at lines 983--1011
\EU1/LinuxLibertineO(0)/m/n/10 ένα περιβάλλον λογισμικού εξειδικευμένο στη στατ
ιστική. Η R είναι το κατεξοχήν εργαλείο για
 []

[45]
Overfull \vbox (6.5306pt too high) has occurred while \output is active []


[46]
LaTeX Font Info:    Try loading font information for EU1+lmtt on input line 108
4.
 (/usr/share/texlive/texmf-dist/tex/latex/euenc/eu1lmtt.fd
File: eu1lmtt.fd 2009/10/30 v1.6 Font defs for Latin Modern
)
Package microtype Info: Loading generic settings for font family
(microtype)             `lmtt' (encoding: EU1).
(microtype)             For optimal results, create family-specific settings.
(microtype)             See the microtype manual for details.

Underfull \hbox (badness 10000) in paragraph at lines 1087--1089
[]\EU1/LinuxLibertineO(0)/m/n/10 Cross-Validation Vs Bootstrapping . $[][][][] 
[] [] [] [][] [] [][][][][][] [] [][][][][][][] [] [][][][][][][][][] []
 []


Underfull \hbox (badness 10000) in paragraph at lines 1091--1093
[]\EU1/LinuxLibertineO(0)/m/n/10 Machine Learning Mastery, Discover Feature Eng
ineering, How to Engineer
 []


Underfull \hbox (badness 10000) in paragraph at lines 1091--1093
\EU1/LinuxLibertineO(0)/m/n/10 Features and How to Get Good at It $[][][][] [] 
[] [] [][][][][][][][][][][][][][][][][][][][][][] [] [][][] []
 []


Overfull \hbox (8.59999pt too wide) in paragraph at lines 1091--1093
[][][][][][][][][][][][][][][][][][][][][][][][][][][][][][][][][][][][][][][][
][][][][][][][][][][][][][][][][][][][][][][][][][][][][][][][][][][][][][][][]
[][][][][][][][][][][][][][]$ 
 []


Underfull \hbox (badness 10000) in paragraph at lines 1109--1111
[]\EU1/LinuxLibertineO(0)/m/n/10 Machine Learning Mastery, K-Nearest Neighbors 
for Machine Learning $[][][][] [] [] []
 []


Underfull \hbox (badness 10000) in paragraph at lines 1113--1115
[]\EU1/LinuxLibertineO(0)/m/n/10 Automated Machine Learning: A Short History. $
[][][][][] [] [] [] [][][] [] [][][][][][][][][] [] [][][] [] [][][][] []
 []

[47] [48] (./report.aux)

LaTeX Warning: There were multiply-defined labels.

 ) 
Here is how much of TeX's memory you used:
 19519 strings out of 493918
 375838 string characters out of 6150562
 565604 words of memory out of 5000000
 22564 multiletter control sequences out of 15000+600000
 4653 words of font info for 36 fonts, out of 8000000 for 9000
 1144 hyphenation exceptions out of 8191
 53i,15n,92p,10428b,417s stack positions out of 5000i,500n,10000p,200000b,80000s

Output written on report.pdf (48 pages).
