This is XeTeX, Version 3.1415926-2.5-0.9999.3 (TeX Live 2013/Debian) (format=xelatex 2016.12.17)  14 FEB 2017 18:12
entering extended mode
 restricted \write18 enabled.
 %&-line parsing enabled.
**AP_Algorithms.tex
(./AP_Algorithms.tex
LaTeX2e <2011/06/27>
Babel <3.9h> and hyphenation patterns for 78 languages loaded.
! Undefined control sequence.
l.1 \chapter
            {Î‘Î»Î³ÏŒÏÎ¹Î¸Î¼Î¿Î¹ }
The control sequence at the end of the top line
of your error message was never \def'ed. If you have
misspelled it (e.g., `\hobx'), type `I' and the correct
spelling (e.g., `I\hbox'). Otherwise just continue,
and I'll forget about whatever was undefined.


! LaTeX Error: Missing \begin{document}.

See the LaTeX manual or LaTeX Companion for explanation.
Type  H <return>  for immediate help.
 ...                                              
                                                  
l.1 \chapter{Î‘
               Î»Î³ÏŒÏÎ¹Î¸Î¼Î¿Î¹ }
You're in trouble here.  Try typing  <return>  to proceed.
If that doesn't work, type  X <return>  to quit.

Missing character: There is no Î‘ in font nullfont!
Missing character: There is no Î» in font nullfont!
Missing character: There is no Î³ in font nullfont!
Missing character: There is no ÏŒ in font nullfont!
Missing character: There is no Ï in font nullfont!
Missing character: There is no Î¹ in font nullfont!
Missing character: There is no Î¸ in font nullfont!
Missing character: There is no Î¼ in font nullfont!
Missing character: There is no Î¿ in font nullfont!
Missing character: There is no Î¹ in font nullfont!

Overfull \hbox (20.0pt too wide) in paragraph at lines 1--3
[]
 []


! LaTeX Error: Environment myalgorithm undefined.

See the LaTeX manual or LaTeX Companion for explanation.
Type  H <return>  for immediate help.
 ...                                              
                                                  
l.4 \begin{myalgorithm}
                       [H]
Your command was ignored.
Type  I <command> <return>  to replace it with another command,
or  <return>  to continue without it.


! LaTeX Error: Missing \begin{document}.

See the LaTeX manual or LaTeX Companion for explanation.
Type  H <return>  for immediate help.
 ...                                              
                                                  
l.4 \begin{myalgorithm}[
                        H]
You're in trouble here.  Try typing  <return>  to proceed.
If that doesn't work, type  X <return>  to quit.

Missing character: There is no [ in font nullfont!
Missing character: There is no H in font nullfont!
Missing character: There is no ] in font nullfont!
Missing character: There is no H in font nullfont!
Missing character: There is no = in font nullfont!
Missing character: There is no 0 in font nullfont!
! Missing $ inserted.
<inserted text> 
                $
l.5 ^^IH=0\;
            
I've inserted a begin-math/end-math symbol since I think
you left one out. Proceed, with fingers crossed.

LaTeX Font Info:    External font `cmex10' loaded for size
(Font)              <7> on input line 5.
LaTeX Font Info:    External font `cmex10' loaded for size
(Font)              <5> on input line 5.
! Undefined control sequence.
l.6 ^^I\For
           {t=1 Î¼Î­Ï‡ÏÎ¹ Î¤ }{
The control sequence at the end of the top line
of your error message was never \def'ed. If you have
misspelled it (e.g., `\hobx'), type `I' and the correct
spelling (e.g., `I\hbox'). Otherwise just continue,
and I'll forget about whatever was undefined.

! Missing } inserted.
<inserted text> 
                }
l.7 ^^I^^IÎ²ÏÎµÏ‚ Ï„o $
                        \theta^*=argmin S(\theta, M_{t-1})$ \;
I've inserted something that you may have forgotten.
(See the <inserted text> above.)
With luck, this will get me unwedged. But if you
really didn't forget anything, try typing `2' now; then
my insertion and my current dilemma will both disappear.

Missing character: There is no Î¼ in font cmmi10!
Missing character: There is no Î­ in font cmmi10!
Missing character: There is no Ï‡ in font cmmi10!
Missing character: There is no Ï in font cmmi10!
Missing character: There is no Î¹ in font cmmi10!
Missing character: There is no Î¤ in font cmmi10!
Missing character: There is no Î² in font cmmi10!
Missing character: There is no Ï in font cmmi10!
Missing character: There is no Îµ in font cmmi10!
Missing character: There is no Ï‚ in font cmmi10!
Missing character: There is no Ï„ in font cmmi10!
! Missing $ inserted.
<inserted text> 
                $
l.7 ^^I^^IÎ²ÏÎµÏ‚ Ï„o $\theta
                              ^*=argmin S(\theta, M_{t-1})$ \;
I've inserted a begin-math/end-math symbol since I think
you left one out. Proceed, with fingers crossed.

! Missing $ inserted.
<inserted text> 
                $
l.7 ...Ï„o $\theta^*=argmin S(\theta, M_{t-1})$ \;
                                                  
I've inserted a begin-math/end-math symbol since I think
you left one out. Proceed, with fingers crossed.

Missing character: There is no Ï… in font cmmi10!
Missing character: There is no Ï€ in font cmmi10!
Missing character: There is no Î¿ in font cmmi10!
Missing character: There is no Î» in font cmmi10!
Missing character: There is no ÏŒ in font cmmi10!
Missing character: There is no Î³ in font cmmi10!
Missing character: There is no Î¹ in font cmmi10!
Missing character: There is no Ïƒ in font cmmi10!
Missing character: There is no Îµ in font cmmi10!
Missing character: There is no Ï„ in font cmmi10!
Missing character: There is no Î¿ in font cmmi10!
Missing character: There is no f in font nullfont!
Missing character: There is no ( in font nullfont!
! Missing $ inserted.
<inserted text> 
                $
l.8 ^^I^^IÏ…Ï€Î¿Î»ÏŒÎ³Î¹ÏƒÎµ Ï„Î¿ $f(\theta
                                           ^*)$\;
I've inserted a begin-math/end-math symbol since I think
you left one out. Proceed, with fingers crossed.

! Missing $ inserted.
<inserted text> 
                $
l.8 ^^I^^IÏ…Ï€Î¿Î»ÏŒÎ³Î¹ÏƒÎµ Ï„Î¿ $f(\theta^*)$\;
                                                 
I've inserted a begin-math/end-math symbol since I think
you left one out. Proceed, with fingers crossed.

Missing character: There is no Î‘ in font cmmi10!
Missing character: There is no Î½ in font cmmi10!
Missing character: There is no Î± in font cmmi10!
Missing character: There is no Î½ in font cmmi10!
Missing character: There is no Î­ in font cmmi10!
Missing character: There is no Ï‰ in font cmmi10!
Missing character: There is no Ïƒ in font cmmi10!
Missing character: There is no Îµ in font cmmi10!
Missing character: There is no Ï„ in font cmmi10!
Missing character: There is no Î¿ in font cmmi10!
Missing character: There is no Ïƒ in font cmmi10!
Missing character: There is no Îµ in font cmmi10!
Missing character: There is no Ï„ in font cmmi10!
Missing character: There is no Îµ in font cmmi10!
Missing character: There is no Îº in font cmmi10!
Missing character: There is no Ï€ in font cmmi10!
Missing character: There is no Î± in font cmmi10!
Missing character: There is no Î¯ in font cmmi10!
Missing character: There is no Î´ in font cmmi10!
Missing character: There is no Îµ in font cmmi10!
Missing character: There is no Ï… in font cmmi10!
Missing character: There is no Ïƒ in font cmmi10!
Missing character: There is no Î· in font cmmi10!
Missing character: There is no Ï‚ in font cmmi10!
Missing character: There is no H in font nullfont!
Missing character: There is no = in font nullfont!
Missing character: There is no H in font nullfont!
! Missing $ inserted.
<inserted text> 
                $
l.9 ...„Î¿ ÏƒÎµÏ„ ÎµÎºÏ€Î±Î¯Î´ÎµÏ…ÏƒÎ·Ï‚ $H=H \cup
                                                   (\theta^*, f(\theta^*)) $\;
I've inserted a begin-math/end-math symbol since I think
you left one out. Proceed, with fingers crossed.

! Missing $ inserted.
<inserted text> 
                $
l.9 ...ƒÎ·Ï‚ $H=H \cup (\theta^*, f(\theta^*)) $\;
                                                  
I've inserted a begin-math/end-math symbol since I think
you left one out. Proceed, with fingers crossed.

Missing character: There is no Î• in font cmmi10!
Missing character: There is no Îº in font cmmi10!
Missing character: There is no Ï€ in font cmmi10!
Missing character: There is no Î± in font cmmi10!
Missing character: There is no Î¯ in font cmmi10!
Missing character: There is no Î´ in font cmmi10!
Missing character: There is no Îµ in font cmmi10!
Missing character: There is no Ï… in font cmmi10!
Missing character: There is no Ïƒ in font cmmi10!
Missing character: There is no Îµ in font cmmi10!
Missing character: There is no Î­ in font cmmi10!
Missing character: There is no Î½ in font cmmi10!
Missing character: There is no Î± in font cmmi10!
Missing character: There is no Î½ in font cmmi10!
Missing character: There is no Î­ in font cmmi10!
Missing character: There is no Î¿ in font cmmi10!
Missing character: There is no Î¼ in font cmmi10!
Missing character: There is no Î¿ in font cmmi10!
Missing character: There is no Î½ in font cmmi10!
Missing character: There is no Ï„ in font cmmi10!
Missing character: There is no Î­ in font cmmi10!
Missing character: There is no Î» in font cmmi10!
Missing character: There is no Î¿ in font cmmi10!
Missing character: There is no M in font nullfont!
! Missing $ inserted.
<inserted text> 
                $
l.10 ...´ÎµÏ…ÏƒÎµ Î­Î½Î± Î½Î­Î¿ Î¼Î¿Î½Ï„Î­Î»Î¿ $M_
                                                  t$ ÏƒÏ„Î¿ Î— \;
I've inserted a begin-math/end-math symbol since I think
you left one out. Proceed, with fingers crossed.

Missing character: There is no Ïƒ in font nullfont!
Missing character: There is no Ï„ in font nullfont!
Missing character: There is no Î¿ in font nullfont!
Missing character: There is no Î— in font nullfont!
! Missing $ inserted.
<inserted text> 
                $
l.10 ...± Î½Î­Î¿ Î¼Î¿Î½Ï„Î­Î»Î¿ $M_t$ ÏƒÏ„Î¿ Î— \;
                                                  
I've inserted a begin-math/end-math symbol since I think
you left one out. Proceed, with fingers crossed.

! Extra }, or forgotten $.
l.11 ^^I}
         
I've deleted a group-closing symbol because it seems to be
spurious, as in `$x}$'. But perhaps the } is legitimate and
you forgot something else, as in `\hbox{$x}'. In such cases
the way to recover is to insert both the forgotten and the
deleted material, e.g., by typing `I$}'.


! LaTeX Error: \caption outside float.

See the LaTeX manual or LaTeX Companion for explanation.
Type  H <return>  for immediate help.
 ...                                              
                                                  
l.12 ^^I\caption
                {Î“ÎµÎ½Î¹ÎºÏŒÏ‚ Î¨ÎµÏ…Î´Î¿ÎºÏÎ´Î¹ÎºÎ±Ï‚ SÎœÎ’ÎŸ}
You're in trouble here.  Try typing  <return>  to proceed.
If that doesn't work, type  X <return>  to quit.


! LaTeX Error: \begin{document} ended by \end{myalgorithm}.

See the LaTeX manual or LaTeX Companion for explanation.
Type  H <return>  for immediate help.
 ...                                              
                                                  
l.13 \end{myalgorithm}
                      
Your command was ignored.
Type  I <command> <return>  to replace it with another command,
or  <return>  to continue without it.

! Missing $ inserted.
<inserted text> 
                $
l.13 \end{myalgorithm}
                      
I've inserted something that you may have forgotten.
(See the <inserted text> above.)
With luck, this will get me unwedged. But if you
really didn't forget anything, try typing `2' now; then
my insertion and my current dilemma will both disappear.

Missing character: There is no Î“ in font cmmi10!
Missing character: There is no Îµ in font cmmi10!
Missing character: There is no Î½ in font cmmi10!
Missing character: There is no Î¹ in font cmmi10!
Missing character: There is no Îº in font cmmi10!
Missing character: There is no ÏŒ in font cmmi10!
Missing character: There is no Ï‚ in font cmmi10!
Missing character: There is no Î¨ in font cmmi10!
Missing character: There is no Îµ in font cmmi10!
Missing character: There is no Ï… in font cmmi10!
Missing character: There is no Î´ in font cmmi10!
Missing character: There is no Î¿ in font cmmi10!
Missing character: There is no Îº in font cmmi10!
Missing character: There is no Ï in font cmmi10!
Missing character: There is no Î´ in font cmmi10!
Missing character: There is no Î¹ in font cmmi10!
Missing character: There is no Îº in font cmmi10!
Missing character: There is no Î± in font cmmi10!
Missing character: There is no Ï‚ in font cmmi10!
Missing character: There is no Îœ in font cmmi10!
Missing character: There is no Î’ in font cmmi10!
Missing character: There is no ÎŸ in font cmmi10!
)
! Emergency stop.
<*> AP_Algorithms.tex
                     
*** (job aborted, no legal \end found)

 
Here is how much of TeX's memory you used:
 8 strings out of 493918
 119 string characters out of 6150562
 52172 words of memory out of 5000000
 3432 multiletter control sequences out of 15000+600000
 3640 words of font info for 14 fonts, out of 8000000 for 9000
 1144 hyphenation exceptions out of 8191
 19i,2n,12p,87b,58s stack positions out of 5000i,500n,10000p,200000b,80000s
No pages of output.
