\BOOKMARK [0][-]{chapter.1}{Εισαγωγή}{}% 1
\BOOKMARK [1][-]{section.1.1}{Γενικά}{chapter.1}% 2
\BOOKMARK [1][-]{section.1.2}{Μεθοδολογία και στόχοι}{chapter.1}% 3
\BOOKMARK [1][-]{section.1.3}{Διάρθρωση Κειμένου}{chapter.1}% 4
\BOOKMARK [0][-]{chapter.2}{Θεωρητικό Υπόβαθρο}{}% 5
\BOOKMARK [1][-]{section.2.1}{Μηχανική Μάθηση}{chapter.2}% 6
\BOOKMARK [2][-]{subsection.2.1.1}{Η έννοια της μηχανικής μάθησης}{section.2.1}% 7
\BOOKMARK [2][-]{subsection.2.1.2}{Η διαδικασία της μηχανικής μάθησης}{section.2.1}% 8
\BOOKMARK [1][-]{section.2.2}{Τεχνικές Μηχανικής Μάθησης}{chapter.2}% 9
\BOOKMARK [2][-]{subsection.2.2.1}{Κατά την προ-επεξεργασία}{section.2.2}% 10
\BOOKMARK [2][-]{subsection.2.2.2}{Κατά την εκπαίδευση}{section.2.2}% 11
\BOOKMARK [2][-]{subsection.2.2.3}{Κατά την αξιολόγηση}{section.2.2}% 12
\BOOKMARK [1][-]{section.2.3}{Αυτοματοποιημένη Μηχανική Μάθηση}{chapter.2}% 13
\BOOKMARK [2][-]{subsection.2.3.1}{Ιστορική Αναδρομή}{section.2.3}% 14
\BOOKMARK [2][-]{subsection.2.3.2}{Βελτιστοποίηση Υπερ-παραμέτρων}{section.2.3}% 15
\BOOKMARK [2][-]{subsection.2.3.3}{Μετα-μάθηση}{section.2.3}% 16
\BOOKMARK [2][-]{subsection.2.3.4}{Σύγχρονα εργαλεία}{section.2.3}% 17
\BOOKMARK [0][-]{chapter.3}{Περιγραφή Συστήματος}{}% 18
\BOOKMARK [1][-]{section.3.1}{Σκοπός}{chapter.3}% 19
\BOOKMARK [1][-]{section.3.2}{Τεχνικές}{chapter.3}% 20
\BOOKMARK [2][-]{subsection.3.2.1}{Βελτιστοποίηση υπερ-παραμέτρων με μετα-μάθηση και χρήση διαστημάτων πρόβλεψης}{section.3.2}% 21
\BOOKMARK [2][-]{subsection.3.2.2}{Ensemble με προς τα εμπρός επιλογή μοντέλων}{section.3.2}% 22
\BOOKMARK [2][-]{subsection.3.2.3}{Ευριστικές}{section.3.2}% 23
\BOOKMARK [1][-]{section.3.3}{Αρχιτεκτονική}{chapter.3}% 24
\BOOKMARK [2][-]{subsection.3.3.1}{Υποσύστημα εκπαίδευσης}{section.3.3}% 25
\BOOKMARK [2][-]{subsection.3.3.2}{Υποσύστημα πειράματος}{section.3.3}% 26
\BOOKMARK [0][-]{chapter.4}{Πειραματικά αποτελέσματα}{}% 27
\BOOKMARK [1][-]{section.4.1}{Περιγραφή πειραμάτων}{chapter.4}% 28
\BOOKMARK [1][-]{section.4.2}{Αξιολόγηση της τεχνικής βελτιστοποίησης υπερ-παραμέτρων με μετα-μάθηση και χρήση διαστημάτων πρόβλεψης}{chapter.4}% 29
\BOOKMARK [2][-]{subsection.4.2.1}{Πρόβλεψη υπερ-παραμέτρου πλήθους γειτόνων για αλγόριθμο κ-κοντινότερου γείτονα}{section.4.2}% 30
\BOOKMARK [2][-]{subsection.4.2.2}{Πρόβλεψη υπερ-παραμέτρου πολυπλοκότητας για αλγόριθμo δέντρου ταξινόμησης}{section.4.2}% 31
\BOOKMARK [1][-]{section.4.3}{Αξιολόγηση της τεχνικής σχηματισμού ensemble με προς τα εμπρός επιλογή μοντέλων}{chapter.4}% 32
\BOOKMARK [1][-]{section.4.4}{Αξιολόγηση συστήματος Automated Data Scientist}{chapter.4}% 33
\BOOKMARK [0][-]{chapter.5}{Σχετική Δουλειά}{}% 34
\BOOKMARK [0][-]{chapter.6}{Συμπεράσματα}{}% 35
\BOOKMARK [0][-]{chapter.7}{Μελλοντικές Επεκτάσεις}{}% 36
\BOOKMARK [0][-]{section*.96}{Παραρτήματα}{}% 37
\BOOKMARK [0][-]{Παράρτημα.alph1.Alph1}{Μηχανές Διανυσματικής Στήριξης}{}% 38
\BOOKMARK [0][-]{Παράρτημα.alph1.Alph2}{Naive\040Bayes}{}% 39
\BOOKMARK [0][-]{Παράρτημα.alph1.Alph3}{Λογιστική Παλινδρόμηση}{}% 40
\BOOKMARK [0][-]{Παράρτημα.alph1.Alph4}{Κ-κοντινότερος γείτονας}{}% 41
\BOOKMARK [0][-]{Παράρτημα.alph1.Alph5}{Κανονικοποίηση}{}% 42
\BOOKMARK [0][-]{Παράρτημα.alph1.Alph6}{Στατιστικά τεστ Υπόθεσης}{}% 43
\BOOKMARK [0][-]{Παράρτημα.alph1.Alph7}{Αλγόριθμοι }{}% 44
\BOOKMARK [0][-]{Παράρτημα.alph1.Alph8}{Εξαγωγή διαστημάτων πρόβλεψης από μοντέλα παλινδρόμησης}{}% 45
\BOOKMARK [0][-]{Παράρτημα.alph1.Alph9}{Σετ δεδομένων }{}% 46
